c:\users\pc\desktop\semestri i pare\programim\detyrat ne shtepi\detyrat ne shtepi\debug\vc141.pdb
c:\users\pc\desktop\semestri i pare\programim\detyrat ne shtepi\detyrat ne shtepi\debug\vc141.idb
c:\users\pc\desktop\semestri i pare\programim\detyrat ne shtepi\detyrat ne shtepi\debug\fibonaci.obj
c:\users\pc\desktop\semestri i pare\programim\detyrat ne shtepi\detyrat ne shtepi\debug\trekendsh.obj
c:\users\pc\desktop\semestri i pare\programim\detyrat ne shtepi\detyrat ne shtepi\debug\source.obj
c:\users\pc\desktop\semestri i pare\programim\detyrat ne shtepi\detyrat ne shtepi\debug\trekendshi.obj
c:\users\pc\desktop\semestri i pare\programim\detyrat ne shtepi\detyrat ne shtepi\debug\shumaevargut.obj
c:\users\pc\desktop\semestri i pare\programim\detyrat ne shtepi\detyrat ne shtepi\debug\shtypja e vektorit.obj
c:\users\pc\desktop\semestri i pare\programim\detyrat ne shtepi\detyrat ne shtepi\debug\prodhimi.obj
c:\users\pc\desktop\semestri i pare\programim\detyrat ne shtepi\detyrat ne shtepi\debug\detyrprovimi.obj
c:\users\pc\desktop\semestri i pare\programim\detyrat ne shtepi\detyrat ne shtepi\debug\ditejaves.obj
c:\users\pc\desktop\semestri i pare\programim\detyrat ne shtepi\detyrat ne shtepi\debug\min.obj
c:\users\pc\desktop\semestri i pare\programim\detyrat ne shtepi\detyrat ne shtepi\debug\maxmin.obj
c:\users\pc\desktop\semestri i pare\programim\detyrat ne shtepi\detyrat ne shtepi\debug\asembler.obj
c:\users\pc\desktop\semestri i pare\programim\detyrat ne shtepi\detyrat ne shtepi\debug\source1.obj
c:\users\pc\desktop\semestri i pare\programim\detyrat ne shtepi\detyrat ne shtepi\debug\vektorishembull.obj
c:\users\pc\desktop\semestri i pare\programim\detyrat ne shtepi\detyrat ne shtepi\debug\source2.obj
c:\users\pc\desktop\semestri i pare\programim\detyrat ne shtepi\detyrat ne shtepi\debug\vektroi4.obj
c:\users\pc\desktop\semestri i pare\programim\detyrat ne shtepi\detyrat ne shtepi\debug\policet kufitar.obj
c:\users\pc\desktop\semestri i pare\programim\detyrat ne shtepi\detyrat ne shtepi\debug\source3.obj
c:\users\pc\desktop\semestri i pare\programim\detyrat ne shtepi\detyrat ne shtepi\debug\notat.obj
c:\users\pc\desktop\semestri i pare\programim\detyrat ne shtepi\detyrat ne shtepi\debug\detyraushtrime.obj
c:\users\pc\desktop\semestri i pare\programim\detyrat ne shtepi\detyrat ne shtepi\debug\rrogaedoni.obj
c:\users\pc\desktop\semestri i pare\programim\detyrat ne shtepi\detyrat ne shtepi\debug\notaedoni.obj
c:\users\pc\desktop\semestri i pare\programim\detyrat ne shtepi\detyrat ne shtepi\debug\matricat.obj
c:\users\pc\desktop\semestri i pare\programim\detyrat ne shtepi\detyrat ne shtepi\debug\test.obj
c:\users\pc\desktop\semestri i pare\programim\detyrat ne shtepi\detyrat ne shtepi\debug\aritmetika.obj
c:\users\pc\desktop\semestri i pare\programim\detyrat ne shtepi\detyrat ne shtepi\debug\rrethi.obj
c:\users\pc\desktop\semestri i pare\programim\detyrat ne shtepi\detyrat ne shtepi\debug\shuma_prodhimi_faktorieli.obj
c:\users\pc\desktop\semestri i pare\programim\detyrat ne shtepi\detyrat ne shtepi\debug\vektor_funksion.obj
c:\users\pc\desktop\semestri i pare\programim\detyrat ne shtepi\detyrat ne shtepi\debug\shuma me funksione.obj
c:\users\pc\desktop\semestri i pare\programim\detyrat ne shtepi\detyrat ne shtepi\debug\figurat.obj
c:\users\pc\desktop\semestri i pare\programim\detyrat ne shtepi\detyrat ne shtepi\debug\lfunsikon.obj
c:\users\pc\desktop\semestri i pare\programim\detyrat ne shtepi\detyrat ne shtepi\debug\tfunksion.obj
c:\users\pc\desktop\semestri i pare\programim\detyrat ne shtepi\detyrat ne shtepi\debug\testimi.obj
c:\users\pc\desktop\semestri i pare\programim\detyrat ne shtepi\detyrat ne shtepi\debug\matricafunksion.obj
c:\users\pc\desktop\semestri i pare\programim\detyrat ne shtepi\detyrat ne shtepi\debug\shkronaj x.obj
c:\users\pc\desktop\semestri i pare\programim\detyrat ne shtepi\detyrat ne shtepi\debug\siperfaqet.obj
c:\users\pc\desktop\semestri i pare\programim\detyrat ne shtepi\detyrat ne shtepi\debug\fibonaccirekursion.obj
c:\users\pc\desktop\semestri i pare\programim\detyrat ne shtepi\detyrat ne shtepi\debug\overload.obj
c:\users\pc\desktop\semestri i pare\programim\detyrat ne shtepi\detyrat ne shtepi\debug\mbingarkimi.obj
c:\users\pc\desktop\semestri i pare\programim\detyrat ne shtepi\detyrat ne shtepi\debug\teksti.obj
c:\users\pc\desktop\semestri i pare\programim\detyrat ne shtepi\detyrat ne shtepi\debug\numrimet.obj
c:\users\pc\desktop\semestri i pare\programim\detyrat ne shtepi\detyrat ne shtepi\debug\fjalkalimi.obj
c:\users\pc\desktop\semestri i pare\programim\detyrat ne shtepi\detyrat ne shtepi\debug\pemet.obj
c:\users\pc\desktop\semestri i pare\programim\detyrat ne shtepi\detyrat ne shtepi\debug\loja me enum.obj
c:\users\pc\desktop\semestri i pare\programim\detyrat ne shtepi\detyrat ne shtepi\debug\muzika.obj
c:\users\pc\desktop\semestri i pare\programim\detyrat ne shtepi\detyrat ne shtepi\debug\trenumra.obj
c:\users\pc\desktop\semestri i pare\programim\detyrat ne shtepi\detyrat ne shtepi\debug\studenti12.obj
c:\users\pc\desktop\semestri i pare\programim\detyrat ne shtepi\detyrat ne shtepi\debug\kadritemperatura.obj
c:\users\pc\desktop\semestri i pare\programim\detyrat ne shtepi\detyrat ne shtepi\debug\dyfunksionetr.obj
c:\users\pc\desktop\semestri i pare\programim\detyrat ne shtepi\detyrat ne shtepi\debug\mbingarkimi123.obj
c:\users\pc\desktop\semestri i pare\programim\detyrat ne shtepi\detyrat ne shtepi\debug\funksioni me if.obj
c:\users\pc\desktop\semestri i pare\programim\detyrat ne shtepi\detyrat ne shtepi\debug\matriaca101.obj
c:\users\pc\desktop\semestri i pare\programim\detyrat ne shtepi\detyrat ne shtepi\debug\vektorireal.obj
c:\users\pc\desktop\semestri i pare\programim\detyrat ne shtepi\detyrat ne shtepi\debug\shmamefunksione.obj
c:\users\pc\desktop\semestri i pare\programim\detyrat ne shtepi\detyrat ne shtepi\debug\faktorierli me rekurzion.obj
c:\users\pc\desktop\semestri i pare\programim\detyrat ne shtepi\detyrat ne shtepi\debug\shuma me rekurzion.obj
c:\users\pc\desktop\semestri i pare\programim\detyrat ne shtepi\detyrat ne shtepi\debug\shuma e vargut me rekurzion.obj
c:\users\pc\desktop\semestri i pare\programim\detyrat ne shtepi\detyrat ne shtepi\debug\struktura drejtkendeshi.obj
c:\users\pc\desktop\semestri i pare\programim\detyrat ne shtepi\detyrat ne shtepi\debug\prodhimi rekurzion.obj
c:\users\pc\desktop\semestri i pare\programim\detyrat ne shtepi\detyrat ne shtepi\debug\numrimi gjatesia.obj
c:\users\pc\desktop\semestri i pare\programim\detyrat ne shtepi\detyrat ne shtepi\debug\qytetistruktura.obj
c:\users\pc\desktop\semestri i pare\programim\detyrat ne shtepi\detyrat ne shtepi\debug\linja.obj
c:\users\pc\desktop\semestri i pare\programim\detyrat ne shtepi\debug\detyrat ne shtepi.exe
c:\users\pc\desktop\semestri i pare\programim\detyrat ne shtepi\debug\detyrat ne shtepi.ilk
c:\users\pc\desktop\semestri i pare\programim\detyrat ne shtepi\debug\detyrat ne shtepi.pdb
c:\users\pc\desktop\semestri i pare\programim\detyrat ne shtepi\detyrat ne shtepi\debug\provimi.obj
c:\users\pc\desktop\semestri i pare\programim\detyrat ne shtepi\detyrat ne shtepi\debug\detyrat .adcd4686.tlog\cl.command.1.tlog
c:\users\pc\desktop\semestri i pare\programim\detyrat ne shtepi\detyrat ne shtepi\debug\detyrat .adcd4686.tlog\cl.read.1.tlog
c:\users\pc\desktop\semestri i pare\programim\detyrat ne shtepi\detyrat ne shtepi\debug\detyrat .adcd4686.tlog\cl.write.1.tlog
c:\users\pc\desktop\semestri i pare\programim\detyrat ne shtepi\detyrat ne shtepi\debug\detyrat .adcd4686.tlog\link.command.1.tlog
c:\users\pc\desktop\semestri i pare\programim\detyrat ne shtepi\detyrat ne shtepi\debug\detyrat .adcd4686.tlog\link.read.1.tlog
c:\users\pc\desktop\semestri i pare\programim\detyrat ne shtepi\detyrat ne shtepi\debug\detyrat .adcd4686.tlog\link.write.1.tlog
